{
"contracts/NFT.sol":{"l":{"16":1,"18":1,"19":1},"path":"/Users/jyeshthaprabhu/Desktop/INFO7500_CRYPTO/version_2/contracts/NFT.sol","s":{"1":1,"2":1,"3":1},"b":{},"f":{"1":3,"2":1},"fnMap":{"1":{"name":"constructor","line":12,"loc":{"start":{"line":12,"column":4},"end":{"line":12,"column":53}}},"2":{"name":"mintNFT","line":14,"loc":{"start":{"line":14,"column":4},"end":{"line":20,"column":4}}}},"statementMap":{"1":{"start":{"line":16,"column":8},"end":{"line":16,"column":27}},"2":{"start":{"line":18,"column":8},"end":{"line":18,"column":41}},"3":{"start":{"line":19,"column":8},"end":{"line":19,"column":36}}},"branchMap":{}},
"contracts/NFTDutchAuction.sol":{"l":{"25":6,"26":6,"27":6,"28":6,"29":6,"34":10,"35":10,"36":10,"37":9,"38":9,"39":9,"40":9,"45":9,"46":8,"47":5,"48":4,"53":4,"54":4,"55":4,"60":3,"61":1,"62":1,"63":1,"64":1,"69":9},"path":"/Users/jyeshthaprabhu/Desktop/INFO7500_CRYPTO/version_2/contracts/NFTDutchAuction.sol","s":{"1":10,"2":9,"3":9,"4":8,"5":5,"6":4,"7":4,"8":4,"9":3,"10":1,"11":1,"12":1,"13":9},"b":{"1":[9,1],"2":[8,1],"3":[5,3],"4":[4,1],"5":[1,2],"6":[1,0],"7":[1,0]},"f":{"1":6,"2":10,"3":9,"4":4,"5":3,"6":9},"fnMap":{"1":{"name":"constructor","line":23,"loc":{"start":{"line":23,"column":4},"end":{"line":30,"column":4}}},"2":{"name":"escrowNFT","line":32,"loc":{"start":{"line":32,"column":4},"end":{"line":41,"column":4}}},"3":{"name":"bid","line":43,"loc":{"start":{"line":43,"column":4},"end":{"line":49,"column":4}}},"4":{"name":"finalize","line":51,"loc":{"start":{"line":51,"column":4},"end":{"line":56,"column":4}}},"5":{"name":"endAuction","line":58,"loc":{"start":{"line":58,"column":4},"end":{"line":65,"column":4}}},"6":{"name":"onERC721Received","line":67,"loc":{"start":{"line":67,"column":4},"end":{"line":70,"column":4}}}},"statementMap":{"1":{"start":{"line":36,"column":8},"end":{"line":36,"column":103}},"2":{"start":{"line":37,"column":8},"end":{"line":37,"column":68}},"3":{"start":{"line":45,"column":8},"end":{"line":45,"column":67}},"4":{"start":{"line":46,"column":8},"end":{"line":46,"column":128}},"5":{"start":{"line":47,"column":8},"end":{"line":47,"column":184}},"6":{"start":{"line":48,"column":8},"end":{"line":48,"column":17}},"7":{"start":{"line":53,"column":8},"end":{"line":53,"column":40}},"8":{"start":{"line":54,"column":8},"end":{"line":54,"column":61}},"9":{"start":{"line":60,"column":8},"end":{"line":60,"column":110}},"10":{"start":{"line":61,"column":8},"end":{"line":61,"column":95}},"11":{"start":{"line":62,"column":8},"end":{"line":62,"column":100}},"12":{"start":{"line":64,"column":8},"end":{"line":64,"column":64}},"13":{"start":{"line":69,"column":8},"end":{"line":69,"column":56}}},"branchMap":{"1":{"line":36,"type":"if","locations":[{"start":{"line":36,"column":8},"end":{"line":36,"column":8}},{"start":{"line":36,"column":8},"end":{"line":36,"column":8}}]},"2":{"line":45,"type":"if","locations":[{"start":{"line":45,"column":8},"end":{"line":45,"column":8}},{"start":{"line":45,"column":8},"end":{"line":45,"column":8}}]},"3":{"line":46,"type":"if","locations":[{"start":{"line":46,"column":8},"end":{"line":46,"column":8}},{"start":{"line":46,"column":8},"end":{"line":46,"column":8}}]},"4":{"line":47,"type":"if","locations":[{"start":{"line":47,"column":8},"end":{"line":47,"column":8}},{"start":{"line":47,"column":8},"end":{"line":47,"column":8}}]},"5":{"line":60,"type":"if","locations":[{"start":{"line":60,"column":8},"end":{"line":60,"column":8}},{"start":{"line":60,"column":8},"end":{"line":60,"column":8}}]},"6":{"line":61,"type":"if","locations":[{"start":{"line":61,"column":8},"end":{"line":61,"column":8}},{"start":{"line":61,"column":8},"end":{"line":61,"column":8}}]},"7":{"line":62,"type":"if","locations":[{"start":{"line":62,"column":8},"end":{"line":62,"column":8}},{"start":{"line":62,"column":8},"end":{"line":62,"column":8}}]}}}}
