{
"contracts/ERC20.sol":{"l":{"11":3},"path":"/Users/jyeshthaprabhu/Desktop/INFO7500_CRYPTO/version_5/contracts/ERC20.sol","s":{"1":3},"b":{},"f":{"1":3},"fnMap":{"1":{"name":"constructor","line":9,"loc":{"start":{"line":9,"column":4},"end":{"line":12,"column":4}}}},"statementMap":{"1":{"start":{"line":11,"column":8},"end":{"line":11,"column":58}}},"branchMap":{}},
"contracts/NFT.sol":{"l":{"15":1,"17":1,"18":1},"path":"/Users/jyeshthaprabhu/Desktop/INFO7500_CRYPTO/version_5/contracts/NFT.sol","s":{"1":1,"2":1,"3":1},"b":{},"f":{"1":3,"2":1},"fnMap":{"1":{"name":"constructor","line":11,"loc":{"start":{"line":11,"column":4},"end":{"line":11,"column":53}}},"2":{"name":"mintNFT","line":13,"loc":{"start":{"line":13,"column":4},"end":{"line":19,"column":4}}}},"statementMap":{"1":{"start":{"line":15,"column":8},"end":{"line":15,"column":27}},"2":{"start":{"line":17,"column":8},"end":{"line":17,"column":41}},"3":{"start":{"line":18,"column":8},"end":{"line":18,"column":36}}},"branchMap":{}},
"contracts/NFTDutchAuction_ERC20Bids.sol":{"l":{"34":3,"35":3,"36":3,"37":3,"38":3,"39":3,"40":3,"41":3,"42":3,"43":3,"49":14,"50":14,"51":14,"52":13,"53":13,"54":13,"55":13,"56":13,"63":11,"64":11,"65":8,"66":7,"73":7,"75":7,"77":6,"78":6,"79":5,"80":5,"81":5,"89":8,"90":8,"91":8,"98":2,"99":1,"100":1,"101":1,"102":1,"108":10,"109":9,"117":13},"path":"/Users/jyeshthaprabhu/Desktop/INFO7500_CRYPTO/version_5/contracts/NFTDutchAuction_ERC20Bids.sol","s":{"1":3,"2":3,"3":14,"4":13,"5":11,"6":11,"7":8,"8":7,"9":7,"10":7,"11":6,"12":6,"13":5,"14":5,"15":8,"16":8,"17":8,"18":2,"19":1,"20":1,"21":1,"22":10,"23":13},"b":{"1":[3,0],"2":[13,1],"3":[11,0],"4":[8,3],"5":[7,1],"6":[7,0],"7":[7,0],"8":[6,0],"9":[5,1],"10":[2,1],"11":[1,1],"12":[1,0],"13":[1,0],"14":[9,1],"15":[1,0]},"f":{"1":3,"2":14,"3":11,"4":7,"5":8,"6":2,"7":10,"8":13,"9":1},"fnMap":{"1":{"name":"initialize","line":31,"loc":{"start":{"line":30,"column":4},"end":{"line":44,"column":4}}},"2":{"name":"escrowNFT","line":46,"loc":{"start":{"line":46,"column":4},"end":{"line":57,"column":4}}},"3":{"name":"bid","line":59,"loc":{"start":{"line":59,"column":4},"end":{"line":67,"column":4}}},"4":{"name":"finalize","line":71,"loc":{"start":{"line":69,"column":4},"end":{"line":82,"column":4}}},"5":{"name":"currentPrice","line":84,"loc":{"start":{"line":84,"column":4},"end":{"line":92,"column":4}}},"6":{"name":"endAuction","line":96,"loc":{"start":{"line":94,"column":4},"end":{"line":103,"column":4}}},"7":{"name":"nftEscrowed","line":105,"loc":{"start":{"line":105,"column":4},"end":{"line":110,"column":4}}},"8":{"name":"onERC721Received","line":112,"loc":{"start":{"line":112,"column":4},"end":{"line":118,"column":4}}},"9":{"name":"_authorizeUpgrade","line":122,"loc":{"start":{"line":120,"column":4},"end":{"line":124,"column":5}}}},"statementMap":{"1":{"start":{"line":34,"column":8},"end":{"line":34,"column":23}},"2":{"start":{"line":35,"column":8},"end":{"line":35,"column":31}},"3":{"start":{"line":51,"column":8},"end":{"line":51,"column":103}},"4":{"start":{"line":52,"column":8},"end":{"line":52,"column":68}},"5":{"start":{"line":63,"column":8},"end":{"line":63,"column":67}},"6":{"start":{"line":64,"column":8},"end":{"line":64,"column":128}},"7":{"start":{"line":65,"column":8},"end":{"line":65,"column":101}},"8":{"start":{"line":66,"column":8},"end":{"line":66,"column":54}},"9":{"start":{"line":73,"column":8},"end":{"line":73,"column":2825}},"10":{"start":{"line":75,"column":12},"end":{"line":75,"column":85}},"11":{"start":{"line":77,"column":8},"end":{"line":77,"column":109}},"12":{"start":{"line":78,"column":8},"end":{"line":78,"column":98}},"13":{"start":{"line":79,"column":8},"end":{"line":79,"column":72}},"14":{"start":{"line":80,"column":8},"end":{"line":80,"column":61}},"15":{"start":{"line":89,"column":8},"end":{"line":89,"column":63}},"16":{"start":{"line":90,"column":8},"end":{"line":90,"column":78}},"17":{"start":{"line":91,"column":8},"end":{"line":91,"column":24}},"18":{"start":{"line":98,"column":8},"end":{"line":98,"column":110}},"19":{"start":{"line":99,"column":8},"end":{"line":99,"column":95}},"20":{"start":{"line":100,"column":8},"end":{"line":100,"column":100}},"21":{"start":{"line":102,"column":8},"end":{"line":102,"column":64}},"22":{"start":{"line":108,"column":8},"end":{"line":108,"column":82}},"23":{"start":{"line":117,"column":8},"end":{"line":117,"column":56}}},"branchMap":{"1":{"line":31,"type":"if","locations":[{"start":{"line":31,"column":4},"end":{"line":31,"column":4}},{"start":{"line":31,"column":4},"end":{"line":31,"column":4}}]},"2":{"line":51,"type":"if","locations":[{"start":{"line":51,"column":8},"end":{"line":51,"column":8}},{"start":{"line":51,"column":8},"end":{"line":51,"column":8}}]},"3":{"line":63,"type":"if","locations":[{"start":{"line":63,"column":8},"end":{"line":63,"column":8}},{"start":{"line":63,"column":8},"end":{"line":63,"column":8}}]},"4":{"line":64,"type":"if","locations":[{"start":{"line":64,"column":8},"end":{"line":64,"column":8}},{"start":{"line":64,"column":8},"end":{"line":64,"column":8}}]},"5":{"line":65,"type":"if","locations":[{"start":{"line":65,"column":8},"end":{"line":65,"column":8}},{"start":{"line":65,"column":8},"end":{"line":65,"column":8}}]},"6":{"line":71,"type":"if","locations":[{"start":{"line":71,"column":4},"end":{"line":71,"column":4}},{"start":{"line":71,"column":4},"end":{"line":71,"column":4}}]},"7":{"line":73,"type":"if","locations":[{"start":{"line":73,"column":8},"end":{"line":73,"column":8}},{"start":{"line":73,"column":8},"end":{"line":73,"column":8}}]},"8":{"line":77,"type":"if","locations":[{"start":{"line":77,"column":8},"end":{"line":77,"column":8}},{"start":{"line":77,"column":8},"end":{"line":77,"column":8}}]},"9":{"line":78,"type":"if","locations":[{"start":{"line":78,"column":8},"end":{"line":78,"column":8}},{"start":{"line":78,"column":8},"end":{"line":78,"column":8}}]},"10":{"line":96,"type":"if","locations":[{"start":{"line":96,"column":4},"end":{"line":96,"column":4}},{"start":{"line":96,"column":4},"end":{"line":96,"column":4}}]},"11":{"line":98,"type":"if","locations":[{"start":{"line":98,"column":8},"end":{"line":98,"column":8}},{"start":{"line":98,"column":8},"end":{"line":98,"column":8}}]},"12":{"line":99,"type":"if","locations":[{"start":{"line":99,"column":8},"end":{"line":99,"column":8}},{"start":{"line":99,"column":8},"end":{"line":99,"column":8}}]},"13":{"line":100,"type":"if","locations":[{"start":{"line":100,"column":8},"end":{"line":100,"column":8}},{"start":{"line":100,"column":8},"end":{"line":100,"column":8}}]},"14":{"line":108,"type":"if","locations":[{"start":{"line":108,"column":8},"end":{"line":108,"column":8}},{"start":{"line":108,"column":8},"end":{"line":108,"column":8}}]},"15":{"line":122,"type":"if","locations":[{"start":{"line":122,"column":8},"end":{"line":122,"column":8}},{"start":{"line":122,"column":8},"end":{"line":122,"column":8}}]}}},
"contracts/NFTDutchAuction_ERC20BidsUpgraded.sol":{"l":{"12":1},"path":"/Users/jyeshthaprabhu/Desktop/INFO7500_CRYPTO/version_5/contracts/NFTDutchAuction_ERC20BidsUpgraded.sol","s":{"1":1},"b":{},"f":{"1":1},"fnMap":{"1":{"name":"currentVersion","line":10,"loc":{"start":{"line":10,"column":4},"end":{"line":13,"column":4}}}},"statementMap":{"1":{"start":{"line":12,"column":8},"end":{"line":12,"column":16}}},"branchMap":{}}}
