TN:
SF:/Users/jyeshthaprabhu/Desktop/INFO7500_CRYPTO/version_5/contracts/ERC20.sol
FN:9,constructor
FNF:1
FNH:1
FNDA:3,constructor
DA:11,3
LF:1
LH:1
BRF:0
BRH:0
end_of_record
TN:
SF:/Users/jyeshthaprabhu/Desktop/INFO7500_CRYPTO/version_5/contracts/NFT.sol
FN:11,constructor
FN:13,mintNFT
FNF:2
FNH:2
FNDA:3,constructor
FNDA:1,mintNFT
DA:15,1
DA:17,1
DA:18,1
LF:3
LH:3
BRF:0
BRH:0
end_of_record
TN:
SF:/Users/jyeshthaprabhu/Desktop/INFO7500_CRYPTO/version_5/contracts/NFTDutchAuction_ERC20Bids.sol
FN:31,initialize
FN:46,escrowNFT
FN:59,bid
FN:71,finalize
FN:84,currentPrice
FN:96,endAuction
FN:105,nftEscrowed
FN:112,onERC721Received
FN:122,_authorizeUpgrade
FNF:9
FNH:9
FNDA:3,initialize
FNDA:14,escrowNFT
FNDA:11,bid
FNDA:7,finalize
FNDA:8,currentPrice
FNDA:2,endAuction
FNDA:10,nftEscrowed
FNDA:13,onERC721Received
FNDA:1,_authorizeUpgrade
DA:34,3
DA:35,3
DA:36,3
DA:37,3
DA:38,3
DA:39,3
DA:40,3
DA:41,3
DA:42,3
DA:43,3
DA:49,14
DA:50,14
DA:51,14
DA:52,13
DA:53,13
DA:54,13
DA:55,13
DA:56,13
DA:63,11
DA:64,11
DA:65,8
DA:66,7
DA:73,7
DA:75,7
DA:77,6
DA:78,6
DA:79,5
DA:80,5
DA:81,5
DA:89,8
DA:90,8
DA:91,8
DA:98,2
DA:99,1
DA:100,1
DA:101,1
DA:102,1
DA:108,10
DA:109,9
DA:117,13
LF:40
LH:40
BRDA:31,1,0,3
BRDA:31,1,1,0
BRDA:51,2,0,13
BRDA:51,2,1,1
BRDA:63,3,0,11
BRDA:63,3,1,0
BRDA:64,4,0,8
BRDA:64,4,1,3
BRDA:65,5,0,7
BRDA:65,5,1,1
BRDA:71,6,0,7
BRDA:71,6,1,0
BRDA:73,7,0,7
BRDA:73,7,1,0
BRDA:77,8,0,6
BRDA:77,8,1,0
BRDA:78,9,0,5
BRDA:78,9,1,1
BRDA:96,10,0,2
BRDA:96,10,1,1
BRDA:98,11,0,1
BRDA:98,11,1,1
BRDA:99,12,0,1
BRDA:99,12,1,0
BRDA:100,13,0,1
BRDA:100,13,1,0
BRDA:108,14,0,9
BRDA:108,14,1,1
BRDA:122,15,0,1
BRDA:122,15,1,0
BRF:30
BRH:22
end_of_record
TN:
SF:/Users/jyeshthaprabhu/Desktop/INFO7500_CRYPTO/version_5/contracts/NFTDutchAuction_ERC20BidsUpgraded.sol
FN:10,currentVersion
FNF:1
FNH:1
FNDA:1,currentVersion
DA:12,1
LF:1
LH:1
BRF:0
BRH:0
end_of_record
