{
"contracts/ERC20.sol":{"l":{"10":3},"path":"/Users/jyeshthaprabhu/Desktop/INFO7500_CRYPTO/version_3/contracts/ERC20.sol","s":{"1":3},"b":{},"f":{"1":3},"fnMap":{"1":{"name":"constructor","line":8,"loc":{"start":{"line":8,"column":4},"end":{"line":11,"column":4}}}},"statementMap":{"1":{"start":{"line":10,"column":8},"end":{"line":10,"column":58}}},"branchMap":{}},
"contracts/NFT.sol":{"l":{"15":1,"17":1,"18":1},"path":"/Users/jyeshthaprabhu/Desktop/INFO7500_CRYPTO/version_3/contracts/NFT.sol","s":{"1":1,"2":1,"3":1},"b":{},"f":{"1":3,"2":1},"fnMap":{"1":{"name":"constructor","line":11,"loc":{"start":{"line":11,"column":4},"end":{"line":11,"column":53}}},"2":{"name":"mintNFT","line":13,"loc":{"start":{"line":13,"column":4},"end":{"line":19,"column":4}}}},"statementMap":{"1":{"start":{"line":15,"column":8},"end":{"line":15,"column":27}},"2":{"start":{"line":17,"column":8},"end":{"line":17,"column":41}},"3":{"start":{"line":18,"column":8},"end":{"line":18,"column":36}}},"branchMap":{}},
"contracts/NFTDutchAuction_ERC20Bids.sol":{"l":{"26":3,"27":3,"28":3,"29":3,"30":3,"31":3,"36":14,"37":14,"38":14,"39":13,"40":13,"41":13,"42":13,"43":13,"48":11,"49":11,"50":8,"51":7,"56":7,"57":6,"58":5,"59":5,"60":5,"65":8,"66":8,"67":8,"72":2,"73":1,"74":1,"75":1,"76":1,"81":13,"86":10,"87":9},"path":"/Users/jyeshthaprabhu/Desktop/INFO7500_CRYPTO/version_3/contracts/NFTDutchAuction_ERC20Bids.sol","s":{"1":14,"2":13,"3":11,"4":11,"5":8,"6":7,"7":7,"8":6,"9":5,"10":5,"11":8,"12":8,"13":8,"14":2,"15":1,"16":1,"17":1,"18":13,"19":10},"b":{"1":[13,1],"2":[11,0],"3":[8,3],"4":[7,1],"5":[7,0],"6":[6,1],"7":[5,1],"8":[2,1],"9":[1,1],"10":[1,0],"11":[1,0],"12":[9,1]},"f":{"1":3,"2":14,"3":11,"4":7,"5":8,"6":2,"7":13,"8":10},"fnMap":{"1":{"name":"constructor","line":24,"loc":{"start":{"line":24,"column":4},"end":{"line":32,"column":4}}},"2":{"name":"escrowNFT","line":34,"loc":{"start":{"line":34,"column":4},"end":{"line":44,"column":4}}},"3":{"name":"bid","line":46,"loc":{"start":{"line":46,"column":4},"end":{"line":52,"column":4}}},"4":{"name":"finalize","line":54,"loc":{"start":{"line":54,"column":4},"end":{"line":61,"column":4}}},"5":{"name":"currentPrice","line":63,"loc":{"start":{"line":63,"column":4},"end":{"line":68,"column":4}}},"6":{"name":"endAuction","line":70,"loc":{"start":{"line":70,"column":4},"end":{"line":77,"column":4}}},"7":{"name":"onERC721Received","line":79,"loc":{"start":{"line":79,"column":4},"end":{"line":82,"column":4}}},"8":{"name":"nftEscrowed","line":84,"loc":{"start":{"line":84,"column":4},"end":{"line":88,"column":4}}}},"statementMap":{"1":{"start":{"line":38,"column":8},"end":{"line":38,"column":103}},"2":{"start":{"line":39,"column":8},"end":{"line":39,"column":68}},"3":{"start":{"line":48,"column":8},"end":{"line":48,"column":67}},"4":{"start":{"line":49,"column":8},"end":{"line":49,"column":128}},"5":{"start":{"line":50,"column":8},"end":{"line":50,"column":101}},"6":{"start":{"line":51,"column":8},"end":{"line":51,"column":23}},"7":{"start":{"line":56,"column":8},"end":{"line":56,"column":109}},"8":{"start":{"line":57,"column":8},"end":{"line":57,"column":98}},"9":{"start":{"line":58,"column":8},"end":{"line":58,"column":72}},"10":{"start":{"line":59,"column":8},"end":{"line":59,"column":61}},"11":{"start":{"line":65,"column":8},"end":{"line":65,"column":63}},"12":{"start":{"line":66,"column":8},"end":{"line":66,"column":78}},"13":{"start":{"line":67,"column":8},"end":{"line":67,"column":24}},"14":{"start":{"line":72,"column":8},"end":{"line":72,"column":110}},"15":{"start":{"line":73,"column":8},"end":{"line":73,"column":95}},"16":{"start":{"line":74,"column":8},"end":{"line":74,"column":100}},"17":{"start":{"line":76,"column":8},"end":{"line":76,"column":64}},"18":{"start":{"line":81,"column":8},"end":{"line":81,"column":56}},"19":{"start":{"line":86,"column":8},"end":{"line":86,"column":82}}},"branchMap":{"1":{"line":38,"type":"if","locations":[{"start":{"line":38,"column":8},"end":{"line":38,"column":8}},{"start":{"line":38,"column":8},"end":{"line":38,"column":8}}]},"2":{"line":48,"type":"if","locations":[{"start":{"line":48,"column":8},"end":{"line":48,"column":8}},{"start":{"line":48,"column":8},"end":{"line":48,"column":8}}]},"3":{"line":49,"type":"if","locations":[{"start":{"line":49,"column":8},"end":{"line":49,"column":8}},{"start":{"line":49,"column":8},"end":{"line":49,"column":8}}]},"4":{"line":50,"type":"if","locations":[{"start":{"line":50,"column":8},"end":{"line":50,"column":8}},{"start":{"line":50,"column":8},"end":{"line":50,"column":8}}]},"5":{"line":54,"type":"if","locations":[{"start":{"line":54,"column":44},"end":{"line":54,"column":44}},{"start":{"line":54,"column":44},"end":{"line":54,"column":44}}]},"6":{"line":56,"type":"if","locations":[{"start":{"line":56,"column":8},"end":{"line":56,"column":8}},{"start":{"line":56,"column":8},"end":{"line":56,"column":8}}]},"7":{"line":57,"type":"if","locations":[{"start":{"line":57,"column":8},"end":{"line":57,"column":8}},{"start":{"line":57,"column":8},"end":{"line":57,"column":8}}]},"8":{"line":70,"type":"if","locations":[{"start":{"line":70,"column":33},"end":{"line":70,"column":33}},{"start":{"line":70,"column":33},"end":{"line":70,"column":33}}]},"9":{"line":72,"type":"if","locations":[{"start":{"line":72,"column":8},"end":{"line":72,"column":8}},{"start":{"line":72,"column":8},"end":{"line":72,"column":8}}]},"10":{"line":73,"type":"if","locations":[{"start":{"line":73,"column":8},"end":{"line":73,"column":8}},{"start":{"line":73,"column":8},"end":{"line":73,"column":8}}]},"11":{"line":74,"type":"if","locations":[{"start":{"line":74,"column":8},"end":{"line":74,"column":8}},{"start":{"line":74,"column":8},"end":{"line":74,"column":8}}]},"12":{"line":86,"type":"if","locations":[{"start":{"line":86,"column":8},"end":{"line":86,"column":8}},{"start":{"line":86,"column":8},"end":{"line":86,"column":8}}]}}}}
