TN:
SF:/Users/jyeshthaprabhu/Desktop/INFO7500_CRYPTO/version_3/contracts/ERC20.sol
FN:8,constructor
FNF:1
FNH:1
FNDA:3,constructor
DA:10,3
LF:1
LH:1
BRF:0
BRH:0
end_of_record
TN:
SF:/Users/jyeshthaprabhu/Desktop/INFO7500_CRYPTO/version_3/contracts/NFT.sol
FN:11,constructor
FN:13,mintNFT
FNF:2
FNH:2
FNDA:3,constructor
FNDA:1,mintNFT
DA:15,1
DA:17,1
DA:18,1
LF:3
LH:3
BRF:0
BRH:0
end_of_record
TN:
SF:/Users/jyeshthaprabhu/Desktop/INFO7500_CRYPTO/version_3/contracts/NFTDutchAuction_ERC20Bids.sol
FN:24,constructor
FN:34,escrowNFT
FN:46,bid
FN:54,finalize
FN:63,currentPrice
FN:70,endAuction
FN:79,onERC721Received
FN:84,nftEscrowed
FNF:8
FNH:8
FNDA:3,constructor
FNDA:14,escrowNFT
FNDA:11,bid
FNDA:7,finalize
FNDA:8,currentPrice
FNDA:2,endAuction
FNDA:13,onERC721Received
FNDA:10,nftEscrowed
DA:26,3
DA:27,3
DA:28,3
DA:29,3
DA:30,3
DA:31,3
DA:36,14
DA:37,14
DA:38,14
DA:39,13
DA:40,13
DA:41,13
DA:42,13
DA:43,13
DA:48,11
DA:49,11
DA:50,8
DA:51,7
DA:56,7
DA:57,6
DA:58,5
DA:59,5
DA:60,5
DA:65,8
DA:66,8
DA:67,8
DA:72,2
DA:73,1
DA:74,1
DA:75,1
DA:76,1
DA:81,13
DA:86,10
DA:87,9
LF:34
LH:34
BRDA:38,1,0,13
BRDA:38,1,1,1
BRDA:48,2,0,11
BRDA:48,2,1,0
BRDA:49,3,0,8
BRDA:49,3,1,3
BRDA:50,4,0,7
BRDA:50,4,1,1
BRDA:54,5,0,7
BRDA:54,5,1,0
BRDA:56,6,0,6
BRDA:56,6,1,1
BRDA:57,7,0,5
BRDA:57,7,1,1
BRDA:70,8,0,2
BRDA:70,8,1,1
BRDA:72,9,0,1
BRDA:72,9,1,1
BRDA:73,10,0,1
BRDA:73,10,1,0
BRDA:74,11,0,1
BRDA:74,11,1,0
BRDA:86,12,0,9
BRDA:86,12,1,1
BRF:24
BRH:20
end_of_record
