{"contracts/BasicDutchAuction.sol":{"l":{"24":9,"25":9,"26":9,"27":9,"28":9,"29":9,"33":6,"34":1,"37":5,"41":2,"45":4,"46":3,"48":2,"49":2,"51":2,"52":2,"53":2,"54":2,"56":2,"57":2,"58":2,"59":2,"60":2},"path":"/Users/jyeshthaprabhu/Desktop/INFO7500_CRYPTO/version_1/contracts/BasicDutchAuction.sol","s":{"1":6,"2":1,"3":5,"4":2,"5":4,"6":3,"7":2,"8":2,"9":2,"10":2,"11":2,"12":2,"13":2,"14":2,"15":2},"b":{"1":[1,5],"2":[3,1],"3":[2,1],"4":[2,0],"5":[2,0],"6":[2,0]},"f":{"1":9,"2":6,"3":2,"4":4},"fnMap":{"1":{"name":"constructor","line":23,"loc":{"start":{"line":23,"column":4},"end":{"line":30,"column":4}}},"2":{"name":"price","line":32,"loc":{"start":{"line":32,"column":4},"end":{"line":38,"column":4}}},"3":{"name":"checkbalance","line":40,"loc":{"start":{"line":40,"column":4},"end":{"line":42,"column":4}}},"4":{"name":"receiveMoney","line":44,"loc":{"start":{"line":44,"column":4},"end":{"line":62,"column":4}}}},"statementMap":{"1":{"start":{"line":33,"column":8},"end":{"line":33,"column":1033}},"2":{"start":{"line":34,"column":12},"end":{"line":34,"column":31}},"3":{"start":{"line":37,"column":8},"end":{"line":37,"column":66}},"4":{"start":{"line":41,"column":8},"end":{"line":41,"column":38}},"5":{"start":{"line":45,"column":8},"end":{"line":45,"column":66}},"6":{"start":{"line":46,"column":8},"end":{"line":46,"column":62}},"7":{"start":{"line":51,"column":8},"end":{"line":51,"column":70}},"8":{"start":{"line":52,"column":8},"end":{"line":52,"column":60}},"9":{"start":{"line":53,"column":8},"end":{"line":53,"column":78}},"10":{"start":{"line":54,"column":8},"end":{"line":54,"column":73}},"11":{"start":{"line":56,"column":8},"end":{"line":56,"column":1828}},"12":{"start":{"line":57,"column":12},"end":{"line":57,"column":76}},"13":{"start":{"line":58,"column":12},"end":{"line":58,"column":90}},"14":{"start":{"line":59,"column":12},"end":{"line":59,"column":69}},"15":{"start":{"line":60,"column":12},"end":{"line":60,"column":74}}},"branchMap":{"1":{"line":33,"type":"if","locations":[{"start":{"line":33,"column":8},"end":{"line":33,"column":8}},{"start":{"line":33,"column":8},"end":{"line":33,"column":8}}]},"2":{"line":45,"type":"if","locations":[{"start":{"line":45,"column":8},"end":{"line":45,"column":8}},{"start":{"line":45,"column":8},"end":{"line":45,"column":8}}]},"3":{"line":46,"type":"if","locations":[{"start":{"line":46,"column":8},"end":{"line":46,"column":8}},{"start":{"line":46,"column":8},"end":{"line":46,"column":8}}]},"4":{"line":53,"type":"if","locations":[{"start":{"line":53,"column":8},"end":{"line":53,"column":8}},{"start":{"line":53,"column":8},"end":{"line":53,"column":8}}]},"5":{"line":56,"type":"if","locations":[{"start":{"line":56,"column":8},"end":{"line":56,"column":8}},{"start":{"line":56,"column":8},"end":{"line":56,"column":8}}]},"6":{"line":59,"type":"if","locations":[{"start":{"line":59,"column":12},"end":{"line":59,"column":12}},{"start":{"line":59,"column":12},"end":{"line":59,"column":12}}]}}}}