TN:
SF:/Users/jyeshthaprabhu/Desktop/INFO7500_CRYPTO/version_1/contracts/BasicDutchAuction.sol
FN:22,constructor
FN:31,price
FN:39,checkbalance
FN:43,receiveMoney
FNF:4
FNH:4
FNDA:9,constructor
FNDA:6,price
FNDA:2,checkbalance
FNDA:4,receiveMoney
DA:23,9
DA:24,9
DA:25,9
DA:26,9
DA:27,9
DA:28,9
DA:32,6
DA:33,1
DA:36,5
DA:40,2
DA:44,4
DA:45,3
DA:47,2
DA:48,2
DA:50,2
DA:51,2
DA:52,2
DA:53,2
DA:55,2
DA:56,2
DA:57,2
DA:58,2
DA:59,2
LF:23
LH:23
BRDA:32,1,0,1
BRDA:32,1,1,5
BRDA:44,2,0,3
BRDA:44,2,1,1
BRDA:45,3,0,2
BRDA:45,3,1,1
BRDA:52,4,0,2
BRDA:52,4,1,0
BRDA:55,5,0,2
BRDA:55,5,1,0
BRDA:58,6,0,2
BRDA:58,6,1,0
BRF:12
BRH:9
end_of_record
