TN:
SF:/Users/jyeshthaprabhu/Desktop/INFO7500_CRYPTO/version_1/contracts/BasicDutchAuction.sol
FN:23,constructor
FN:32,price
FN:40,checkbalance
FN:44,receiveMoney
FNF:4
FNH:4
FNDA:9,constructor
FNDA:6,price
FNDA:2,checkbalance
FNDA:4,receiveMoney
DA:24,9
DA:25,9
DA:26,9
DA:27,9
DA:28,9
DA:29,9
DA:33,6
DA:34,1
DA:37,5
DA:41,2
DA:45,4
DA:46,3
DA:48,2
DA:49,2
DA:51,2
DA:52,2
DA:53,2
DA:54,2
DA:56,2
DA:57,2
DA:58,2
DA:59,2
DA:60,2
LF:23
LH:23
BRDA:33,1,0,1
BRDA:33,1,1,5
BRDA:45,2,0,3
BRDA:45,2,1,1
BRDA:46,3,0,2
BRDA:46,3,1,1
BRDA:53,4,0,2
BRDA:53,4,1,0
BRDA:56,5,0,2
BRDA:56,5,1,0
BRDA:59,6,0,2
BRDA:59,6,1,0
BRF:12
BRH:9
end_of_record
